2023-04-28 05:57:29.4974 DEBUG starting the application
2023-04-28 05:57:30.6173 WARN No XML encryptor configured. Key {20a7368b-bb7d-40f5-8d4a-96a7a1df4e48} may be persisted to storage in unencrypted form.
2023-04-28 05:58:21.6625 WARN Failed to determine the https port for redirect.
2023-04-28 05:58:21.7022 ERROR An unhandled exception has occurred while executing the request.
2023-04-28 05:58:22.7387 ERROR An unhandled exception has occurred while executing the request.
2023-04-28 06:01:22.8339 ERROR An unhandled exception has occurred while executing the request.
2023-04-28 06:01:23.7314 ERROR An unhandled exception has occurred while executing the request.
2023-04-28 06:08:38.1398 DEBUG starting the application
2023-04-28 06:08:43.8455 WARN Failed to determine the https port for redirect.
2023-04-28 06:08:43.8878 ERROR An unhandled exception has occurred while executing the request.
2023-04-28 06:08:44.8603 ERROR An unhandled exception has occurred while executing the request.
2023-04-28 06:14:26.5540 DEBUG starting the application
2023-04-28 06:14:27.1559 WARN No XML encryptor configured. Key {cd2b47ee-e02a-489d-a810-5217e37b0275} may be persisted to storage in unencrypted form.
2023-04-28 06:14:58.9639 WARN Failed to determine the https port for redirect.
2023-04-28 06:17:30.3032 DEBUG starting the application
2023-04-28 06:17:34.4305 WARN Failed to determine the https port for redirect.
2023-04-28 06:17:34.4772 ERROR An unhandled exception has occurred while executing the request.
2023-04-28 06:17:35.9693 ERROR An unhandled exception has occurred while executing the request.
2023-04-28 06:18:36.9972 ERROR An unhandled exception has occurred while executing the request.
2023-04-28 06:18:38.4687 ERROR An unhandled exception has occurred while executing the request.
2023-04-28 06:19:50.3316 DEBUG starting the application
2023-04-28 06:19:54.3465 WARN Failed to determine the https port for redirect.
2023-04-28 06:21:25.0771 DEBUG starting the application
2023-04-28 06:21:29.1060 WARN Failed to determine the https port for redirect.
2023-04-28 06:23:55.9468 DEBUG starting the application
2023-04-28 06:24:00.5681 WARN Failed to determine the https port for redirect.
2023-04-28 06:25:04.5526 DEBUG starting the application
2023-04-28 06:25:10.7356 WARN Failed to determine the https port for redirect.
2023-04-28 06:29:40.2926 DEBUG starting the application
2023-04-28 06:29:45.2985 WARN Failed to determine the https port for redirect.
2023-04-28 06:32:20.7995 DEBUG starting the application
2023-04-28 06:32:28.8447 WARN Failed to determine the https port for redirect.
2023-04-28 06:36:03.3780 DEBUG starting the application
2023-04-28 06:36:09.6850 WARN Failed to determine the https port for redirect.
2023-04-28 06:40:38.9723 ERROR An unhandled exception has occurred while executing the request.
2023-04-28 06:47:06.9715 ERROR An unhandled exception has occurred while executing the request.
2023-04-28 06:50:34.3242 DEBUG starting the application
2023-04-28 06:50:41.1686 WARN Failed to determine the https port for redirect.
2023-04-28 06:51:29.4176 DEBUG starting the application
2023-04-28 06:51:33.0281 WARN Failed to determine the https port for redirect.
2023-04-28 06:51:51.9239 ERROR An unhandled exception has occurred while executing the request.
2023-04-28 06:58:20.1685 DEBUG starting the application
2023-04-28 06:58:27.9617 WARN Failed to determine the https port for redirect.
2023-04-28 06:58:36.1013 ERROR An unhandled exception has occurred while executing the request.
2023-04-28 07:04:14.2629 DEBUG starting the application
2023-04-28 07:04:18.3891 WARN Failed to determine the https port for redirect.
2023-04-28 07:11:33.3559 DEBUG starting the application
2023-04-28 07:11:37.7877 WARN Failed to determine the https port for redirect.
2023-04-28 07:11:47.2804 INFO viewed
2023-04-28 10:40:47.3064 INFO viewed
2023-04-28 10:41:33.7559 INFO USER CREATED
2023-04-28 10:42:22.5459 INFO appointment saved
2023-04-28 10:42:28.9183 INFO viewed
2023-04-28 17:21:38.8501 DEBUG starting the application
2023-04-28 17:21:50.4578 WARN Failed to determine the https port for redirect.
2023-04-28 17:43:28.5254 DEBUG starting the application
